Found a match: AAA
Found a match: AAA
Found a match: AAA
Found a match: AAA
Found a match: AAA
Found a match: AAA
Found a match: AAA
Found a match: AAA
Found a match: AAA
Found a match: AAA
Found a match: AAA
Found a match: AAA
Found a match: AAA
Found a match: AAA
Found a match: AAAP
Found a match: AAA
Found a match: AAA
Found a match: AAAB
Found a match: AAA
Found a match: AAA
Found a match: AAA
Found a match: AAAX
Found a match: AAA
Found a match: AAAP
Found a match: AAA
Found a match: AAA
Found a match: AAA
Found a match: AAAV
Found a match: AAAE
Found a match: AAA
Found a match: AAA
Found a match: AAAS
Found a match: AAA
Found a match: AAAJ
Found a match: AAAA
Found a match: AAA
Found a match: AAA
Found a match: AAA
Found a match: AAA
Found a match: AAAZ
Found a match: AAA
Found a match: AAA
Found a match: AAA
Found a match: AAA
Found a match: AAAF
Found a match: AAA
Found a match: AAA
Found a match: AAA
Found a match: AAA
Found a match: AAA
Found a match: AAA
Found a match: AAA
Found a match: AAA
Found a match: AAA
Found a match: AAAJ
Found a match: AAA
Total Matches: 56
